<?xml version="1.0" encoding="UTF-8"?>
<!-- Generated by org.testng.reporters.JUnitReportReporter -->
<testsuite hostname="RamanRN" failures="0" tests="1" name="testCases.TC_001_AccountRegistrationTest" time="4.445" errors="0" timestamp="2023-02-11T09:23:11 IST" skipped="0">
  <testcase classname="testCases.TC_001_AccountRegistrationTest" name="test_account_Registration" time="4.445"/>
  <system-out/>
</testsuite> <!-- testCases.TC_001_AccountRegistrationTest -->
