<?xml version="1.0" encoding="UTF-8"?>
<!-- Generated by org.testng.reporters.JUnitReportReporter -->
<testsuite hostname="RamanRN" failures="0" tests="1" name="testCases.TC_002_LoginTest" time="1.860" errors="0" timestamp="2023-02-11T09:23:11 IST" skipped="0">
  <testcase classname="testCases.TC_002_LoginTest" name="test_Login" time="1.860"/>
  <system-out/>
</testsuite> <!-- testCases.TC_002_LoginTest -->
